[2023-08-18 13:39:38,725: INFO: main: Welcome to our Custom logging!]
[2023-08-18 15:38:55,499: INFO: main: >>>>>> stage Data Ingestion Stage started <<<<<<]
[2023-08-18 15:38:55,501: INFO: common: yaml file: config/config.yaml loaded successfully]
[2023-08-18 15:38:55,501: INFO: common: yaml file: params.yaml loaded successfully]
[2023-08-18 15:38:55,501: INFO: common: yaml file: schema.yaml loaded successfully]
[2023-08-18 15:38:55,502: INFO: common: created directory at: artifacts]
[2023-08-18 15:38:55,502: INFO: common: created directory at: artifacts/data_ingestion]
[2023-08-18 15:38:56,243: INFO: data_ingestion: artifacts/data_ingestion/data.zip download! with following info: 
Connection: close
Content-Length: 23329
Cache-Control: max-age=300
Content-Security-Policy: default-src 'none'; style-src 'unsafe-inline'; sandbox
Content-Type: application/zip
ETag: "c69888a4ae59bc5a893392785a938ccd4937981c06ba8a9d6a21aa52b4ab5b6e"
Strict-Transport-Security: max-age=31536000
X-Content-Type-Options: nosniff
X-Frame-Options: deny
X-XSS-Protection: 1; mode=block
X-GitHub-Request-Id: B60C:6495:6E9CA2:826C54:64DFEE04
Accept-Ranges: bytes
Date: Fri, 18 Aug 2023 22:38:56 GMT
Via: 1.1 varnish
X-Served-By: cache-pao-kpao1770066-PAO
X-Cache: HIT
X-Cache-Hits: 1
X-Timer: S1692398336.064334,VS0,VE197
Vary: Authorization,Accept-Encoding,Origin
Access-Control-Allow-Origin: *
Cross-Origin-Resource-Policy: cross-origin
X-Fastly-Request-ID: 875e585328a6d3a8a880cc395b05f3724d068773
Expires: Fri, 18 Aug 2023 22:43:56 GMT
Source-Age: 0

]
[2023-08-18 15:38:56,246: INFO: main: >>>>>> stage Data Ingestion Stage completed <<<<<<

x==========x]
